2013-05-06 12:03:13,097 - [INFO] - from play in main 
Listening for HTTP on /0:0:0:0:0:0:0:0:9000

2013-05-06 12:06:32,152 - [INFO] - from play in New I/O  worker #1 
database [default] connected at jdbc:mysql://localhost/online_courses_clone?characterEncoding=UTF-8

2013-05-06 12:07:06,847 - [INFO] - from play in New I/O  worker #1 
Application started (Dev)

2013-05-06 12:22:21,951 - [INFO] - from play in New I/O  worker #4 
database [default] connected at jdbc:mysql://localhost/online_courses_clone?characterEncoding=UTF-8

2013-05-06 12:22:25,935 - [INFO] - from play in New I/O  worker #4 
Application started (Dev)

2013-05-06 12:22:26,319 - [ERROR] - from application in play-internal-execution-context-1 


! @6e7l3ie9l - Internal server error, for (POST) [/course/assignment/updateActionItems] ->

play.api.Application$$anon$1: Execution exception[[OptimisticLockException: Data has changed. updated [0] rows sql[update assignment set action_items=? where id=? and title=? and description=? and action_items=? and start_date=? and deadline=? and course_id=?] bind[null]]]
	at play.api.Application$class.handleError(Application.scala:289) ~[play_2.10.jar:2.1.0]
	at play.api.DefaultApplication.handleError(Application.scala:383) [play_2.10.jar:2.1.0]
	at play.core.server.netty.PlayDefaultUpstreamHandler$$anon$2$$anonfun$handle$1.apply(PlayDefaultUpstreamHandler.scala:132) [play_2.10.jar:2.1.0]
	at play.core.server.netty.PlayDefaultUpstreamHandler$$anon$2$$anonfun$handle$1.apply(PlayDefaultUpstreamHandler.scala:128) [play_2.10.jar:2.1.0]
	at play.api.libs.concurrent.PlayPromise$$anonfun$extend1$1.apply(Promise.scala:113) [play_2.10.jar:2.1.0]
	at play.api.libs.concurrent.PlayPromise$$anonfun$extend1$1.apply(Promise.scala:113) [play_2.10.jar:2.1.0]
	at play.api.libs.concurrent.PlayPromise$$anonfun$extend$1$$anonfun$apply$1.apply(Promise.scala:104) [play_2.10.jar:2.1.0]
	at scala.concurrent.impl.Future$PromiseCompletingRunnable.liftedTree1$1(Future.scala:24) [scala-library.jar:na]
	at scala.concurrent.impl.Future$PromiseCompletingRunnable.run(Future.scala:24) [scala-library.jar:na]
	at java.util.concurrent.ThreadPoolExecutor.runWorker(Unknown Source) [na:1.7.0_13]
	at java.util.concurrent.ThreadPoolExecutor$Worker.run(Unknown Source) [na:1.7.0_13]
	at java.lang.Thread.run(Unknown Source) [na:1.7.0_13]
javax.persistence.OptimisticLockException: Data has changed. updated [0] rows sql[update assignment set action_items=? where id=? and title=? and description=? and action_items=? and start_date=? and deadline=? and course_id=?] bind[null]
	at com.avaje.ebeaninternal.server.persist.dml.DmlHandler.checkRowCount(DmlHandler.java:103) ~[avaje-ebeanorm-server.jar:na]
	at com.avaje.ebeaninternal.server.persist.dml.UpdateHandler.execute(UpdateHandler.java:88) ~[avaje-ebeanorm-server.jar:na]
	at com.avaje.ebeaninternal.server.persist.dml.DmlBeanPersister.execute(DmlBeanPersister.java:86) ~[avaje-ebeanorm-server.jar:na]
	at com.avaje.ebeaninternal.server.persist.dml.DmlBeanPersister.update(DmlBeanPersister.java:66) ~[avaje-ebeanorm-server.jar:na]
	at com.avaje.ebeaninternal.server.persist.DefaultPersistExecute.executeUpdateBean(DefaultPersistExecute.java:91) ~[avaje-ebeanorm-server.jar:na]
	at com.avaje.ebeaninternal.server.core.PersistRequestBean.executeNow(PersistRequestBean.java:485) ~[avaje-ebeanorm-server.jar:na]
	at com.avaje.ebeaninternal.server.core.PersistRequestBean.executeOrQueue(PersistRequestBean.java:511) ~[avaje-ebeanorm-server.jar:na]
	at com.avaje.ebeaninternal.server.persist.DefaultPersister.update(DefaultPersister.java:417) ~[avaje-ebeanorm-server.jar:na]
	at com.avaje.ebeaninternal.server.persist.DefaultPersister.forceUpdate(DefaultPersister.java:184) ~[avaje-ebeanorm-server.jar:na]
	at com.avaje.ebeaninternal.server.core.DefaultServer.update(DefaultServer.java:1651) ~[avaje-ebeanorm-server.jar:na]
	at com.avaje.ebeaninternal.server.core.DefaultServer.update(DefaultServer.java:1640) ~[avaje-ebeanorm-server.jar:na]
	at com.avaje.ebeaninternal.server.core.DefaultServer.update(DefaultServer.java:1617) ~[avaje-ebeanorm-server.jar:na]
	at com.avaje.ebean.Ebean.update(Ebean.java:548) ~[avaje-ebeanorm-api.jar:na]
	at play.db.ebean.Model.update(Model.java:133) ~[play-java-ebean_2.10.jar:2.1.0]
	at controllers.Assignments.updateActionItems(Assignments.java:214) ~[na:na]
	at Routes$$anonfun$routes$1$$anonfun$applyOrElse$44$$anonfun$apply$44.apply(routes_routing.scala:677) ~[na:na]
	at Routes$$anonfun$routes$1$$anonfun$applyOrElse$44$$anonfun$apply$44.apply(routes_routing.scala:677) ~[na:na]
	at play.core.Router$HandlerInvoker$$anon$6$$anon$2.invocation(Router.scala:141) ~[play_2.10.jar:2.1.0]
	at play.core.Router$Routes$$anon$1.invocation(Router.scala:322) ~[play_2.10.jar:2.1.0]
	at play.core.j.JavaAction$$anon$1.call(JavaAction.scala:31) ~[play_2.10.jar:2.1.0]
	at play.GlobalSettings$1.call(GlobalSettings.java:63) ~[play_2.10.jar:2.1.0]
	at play.mvc.Security$AuthenticatedAction.call(Security.java:39) ~[play_2.10.jar:2.1.0]
	at play.core.j.JavaAction$$anon$2.apply(JavaAction.scala:74) ~[play_2.10.jar:2.1.0]
	at play.core.j.JavaAction$$anon$2.apply(JavaAction.scala:73) ~[play_2.10.jar:2.1.0]
	at play.libs.F$Promise$PromiseActor.onReceive(F.java:420) ~[play_2.10.jar:2.1.0]
	at akka.actor.UntypedActor$$anonfun$receive$1.applyOrElse(UntypedActor.scala:159) ~[akka-actor_2.10.jar:na]
	at akka.actor.ActorCell.receiveMessage(ActorCell.scala:425) ~[akka-actor_2.10.jar:na]
	at akka.actor.ActorCell.invoke(ActorCell.scala:386) ~[akka-actor_2.10.jar:na]
	at akka.dispatch.Mailbox.processMailbox(Mailbox.scala:230) ~[akka-actor_2.10.jar:na]
	at akka.dispatch.Mailbox.run(Mailbox.scala:212) ~[akka-actor_2.10.jar:na]
	at akka.dispatch.ForkJoinExecutorConfigurator$MailboxExecutionTask.exec(AbstractDispatcher.scala:502) ~[akka-actor_2.10.jar:na]
	at scala.concurrent.forkjoin.ForkJoinTask.doExec(ForkJoinTask.java:262) ~[scala-library.jar:na]
	at scala.concurrent.forkjoin.ForkJoinPool$WorkQueue.runTask(ForkJoinPool.java:975) ~[scala-library.jar:na]
	at scala.concurrent.forkjoin.ForkJoinPool.runWorker(ForkJoinPool.java:1478) ~[scala-library.jar:na]
	at scala.concurrent.forkjoin.ForkJoinWorkerThread.run(ForkJoinWorkerThread.java:104) ~[scala-library.jar:na]

2013-05-06 12:22:26,319 - [ERROR] - from application in play-internal-execution-context-2 


! @6e7l3ie9l - Internal server error, for (POST) [/course/assignment/updateActionItems] ->

play.api.Application$$anon$1: Execution exception[[OptimisticLockException: Data has changed. updated [0] rows sql[update assignment set action_items=? where id=? and title=? and description=? and action_items=? and start_date=? and deadline=? and course_id=?] bind[null]]]
	at play.api.Application$class.handleError(Application.scala:289) ~[play_2.10.jar:2.1.0]
	at play.api.DefaultApplication.handleError(Application.scala:383) [play_2.10.jar:2.1.0]
	at play.core.server.netty.PlayDefaultUpstreamHandler$$anon$2$$anonfun$handle$1.apply(PlayDefaultUpstreamHandler.scala:132) [play_2.10.jar:2.1.0]
	at play.core.server.netty.PlayDefaultUpstreamHandler$$anon$2$$anonfun$handle$1.apply(PlayDefaultUpstreamHandler.scala:128) [play_2.10.jar:2.1.0]
	at play.api.libs.concurrent.PlayPromise$$anonfun$extend1$1.apply(Promise.scala:113) [play_2.10.jar:2.1.0]
	at play.api.libs.concurrent.PlayPromise$$anonfun$extend1$1.apply(Promise.scala:113) [play_2.10.jar:2.1.0]
	at play.api.libs.concurrent.PlayPromise$$anonfun$extend$1$$anonfun$apply$1.apply(Promise.scala:104) [play_2.10.jar:2.1.0]
	at scala.concurrent.impl.Future$PromiseCompletingRunnable.liftedTree1$1(Future.scala:24) [scala-library.jar:na]
	at scala.concurrent.impl.Future$PromiseCompletingRunnable.run(Future.scala:24) [scala-library.jar:na]
	at java.util.concurrent.ThreadPoolExecutor.runWorker(Unknown Source) [na:1.7.0_13]
	at java.util.concurrent.ThreadPoolExecutor$Worker.run(Unknown Source) [na:1.7.0_13]
	at java.lang.Thread.run(Unknown Source) [na:1.7.0_13]
javax.persistence.OptimisticLockException: Data has changed. updated [0] rows sql[update assignment set action_items=? where id=? and title=? and description=? and action_items=? and start_date=? and deadline=? and course_id=?] bind[null]
	at com.avaje.ebeaninternal.server.persist.dml.DmlHandler.checkRowCount(DmlHandler.java:103) ~[avaje-ebeanorm-server.jar:na]
	at com.avaje.ebeaninternal.server.persist.dml.UpdateHandler.execute(UpdateHandler.java:88) ~[avaje-ebeanorm-server.jar:na]
	at com.avaje.ebeaninternal.server.persist.dml.DmlBeanPersister.execute(DmlBeanPersister.java:86) ~[avaje-ebeanorm-server.jar:na]
	at com.avaje.ebeaninternal.server.persist.dml.DmlBeanPersister.update(DmlBeanPersister.java:66) ~[avaje-ebeanorm-server.jar:na]
	at com.avaje.ebeaninternal.server.persist.DefaultPersistExecute.executeUpdateBean(DefaultPersistExecute.java:91) ~[avaje-ebeanorm-server.jar:na]
	at com.avaje.ebeaninternal.server.core.PersistRequestBean.executeNow(PersistRequestBean.java:485) ~[avaje-ebeanorm-server.jar:na]
	at com.avaje.ebeaninternal.server.core.PersistRequestBean.executeOrQueue(PersistRequestBean.java:511) ~[avaje-ebeanorm-server.jar:na]
	at com.avaje.ebeaninternal.server.persist.DefaultPersister.update(DefaultPersister.java:417) ~[avaje-ebeanorm-server.jar:na]
	at com.avaje.ebeaninternal.server.persist.DefaultPersister.forceUpdate(DefaultPersister.java:184) ~[avaje-ebeanorm-server.jar:na]
	at com.avaje.ebeaninternal.server.core.DefaultServer.update(DefaultServer.java:1651) ~[avaje-ebeanorm-server.jar:na]
	at com.avaje.ebeaninternal.server.core.DefaultServer.update(DefaultServer.java:1640) ~[avaje-ebeanorm-server.jar:na]
	at com.avaje.ebeaninternal.server.core.DefaultServer.update(DefaultServer.java:1617) ~[avaje-ebeanorm-server.jar:na]
	at com.avaje.ebean.Ebean.update(Ebean.java:548) ~[avaje-ebeanorm-api.jar:na]
	at play.db.ebean.Model.update(Model.java:133) ~[play-java-ebean_2.10.jar:2.1.0]
	at controllers.Assignments.updateActionItems(Assignments.java:214) ~[na:na]
	at Routes$$anonfun$routes$1$$anonfun$applyOrElse$44$$anonfun$apply$44.apply(routes_routing.scala:677) ~[na:na]
	at Routes$$anonfun$routes$1$$anonfun$applyOrElse$44$$anonfun$apply$44.apply(routes_routing.scala:677) ~[na:na]
	at play.core.Router$HandlerInvoker$$anon$6$$anon$2.invocation(Router.scala:141) ~[play_2.10.jar:2.1.0]
	at play.core.Router$Routes$$anon$1.invocation(Router.scala:322) ~[play_2.10.jar:2.1.0]
	at play.core.j.JavaAction$$anon$1.call(JavaAction.scala:31) ~[play_2.10.jar:2.1.0]
	at play.GlobalSettings$1.call(GlobalSettings.java:63) ~[play_2.10.jar:2.1.0]
	at play.mvc.Security$AuthenticatedAction.call(Security.java:39) ~[play_2.10.jar:2.1.0]
	at play.core.j.JavaAction$$anon$2.apply(JavaAction.scala:74) ~[play_2.10.jar:2.1.0]
	at play.core.j.JavaAction$$anon$2.apply(JavaAction.scala:73) ~[play_2.10.jar:2.1.0]
	at play.libs.F$Promise$PromiseActor.onReceive(F.java:420) ~[play_2.10.jar:2.1.0]
	at akka.actor.UntypedActor$$anonfun$receive$1.applyOrElse(UntypedActor.scala:159) ~[akka-actor_2.10.jar:na]
	at akka.actor.ActorCell.receiveMessage(ActorCell.scala:425) ~[akka-actor_2.10.jar:na]
	at akka.actor.ActorCell.invoke(ActorCell.scala:386) ~[akka-actor_2.10.jar:na]
	at akka.dispatch.Mailbox.processMailbox(Mailbox.scala:230) ~[akka-actor_2.10.jar:na]
	at akka.dispatch.Mailbox.run(Mailbox.scala:212) ~[akka-actor_2.10.jar:na]
	at akka.dispatch.ForkJoinExecutorConfigurator$MailboxExecutionTask.exec(AbstractDispatcher.scala:502) ~[akka-actor_2.10.jar:na]
	at scala.concurrent.forkjoin.ForkJoinTask.doExec(ForkJoinTask.java:262) ~[scala-library.jar:na]
	at scala.concurrent.forkjoin.ForkJoinPool$WorkQueue.runTask(ForkJoinPool.java:975) ~[scala-library.jar:na]
	at scala.concurrent.forkjoin.ForkJoinPool.runWorker(ForkJoinPool.java:1478) ~[scala-library.jar:na]
	at scala.concurrent.forkjoin.ForkJoinWorkerThread.run(ForkJoinWorkerThread.java:104) ~[scala-library.jar:na]

2013-05-06 12:22:26,589 - [ERROR] - from application in play-internal-execution-context-2 


! @6e7l3iem7 - Internal server error, for (POST) [/course/assignment/updateActionItems] ->

play.api.Application$$anon$1: Execution exception[[OptimisticLockException: Data has changed. updated [0] rows sql[update assignment set action_items=? where id=? and title=? and description=? and action_items=? and start_date=? and deadline=? and course_id=?] bind[null]]]
	at play.api.Application$class.handleError(Application.scala:289) ~[play_2.10.jar:2.1.0]
	at play.api.DefaultApplication.handleError(Application.scala:383) [play_2.10.jar:2.1.0]
	at play.core.server.netty.PlayDefaultUpstreamHandler$$anon$2$$anonfun$handle$1.apply(PlayDefaultUpstreamHandler.scala:132) [play_2.10.jar:2.1.0]
	at play.core.server.netty.PlayDefaultUpstreamHandler$$anon$2$$anonfun$handle$1.apply(PlayDefaultUpstreamHandler.scala:128) [play_2.10.jar:2.1.0]
	at play.api.libs.concurrent.PlayPromise$$anonfun$extend1$1.apply(Promise.scala:113) [play_2.10.jar:2.1.0]
	at play.api.libs.concurrent.PlayPromise$$anonfun$extend1$1.apply(Promise.scala:113) [play_2.10.jar:2.1.0]
	at play.api.libs.concurrent.PlayPromise$$anonfun$extend$1$$anonfun$apply$1.apply(Promise.scala:104) [play_2.10.jar:2.1.0]
	at scala.concurrent.impl.Future$PromiseCompletingRunnable.liftedTree1$1(Future.scala:24) [scala-library.jar:na]
	at scala.concurrent.impl.Future$PromiseCompletingRunnable.run(Future.scala:24) [scala-library.jar:na]
	at java.util.concurrent.ThreadPoolExecutor.runWorker(Unknown Source) [na:1.7.0_13]
	at java.util.concurrent.ThreadPoolExecutor$Worker.run(Unknown Source) [na:1.7.0_13]
	at java.lang.Thread.run(Unknown Source) [na:1.7.0_13]
javax.persistence.OptimisticLockException: Data has changed. updated [0] rows sql[update assignment set action_items=? where id=? and title=? and description=? and action_items=? and start_date=? and deadline=? and course_id=?] bind[null]
	at com.avaje.ebeaninternal.server.persist.dml.DmlHandler.checkRowCount(DmlHandler.java:103) ~[avaje-ebeanorm-server.jar:na]
	at com.avaje.ebeaninternal.server.persist.dml.UpdateHandler.execute(UpdateHandler.java:88) ~[avaje-ebeanorm-server.jar:na]
	at com.avaje.ebeaninternal.server.persist.dml.DmlBeanPersister.execute(DmlBeanPersister.java:86) ~[avaje-ebeanorm-server.jar:na]
	at com.avaje.ebeaninternal.server.persist.dml.DmlBeanPersister.update(DmlBeanPersister.java:66) ~[avaje-ebeanorm-server.jar:na]
	at com.avaje.ebeaninternal.server.persist.DefaultPersistExecute.executeUpdateBean(DefaultPersistExecute.java:91) ~[avaje-ebeanorm-server.jar:na]
	at com.avaje.ebeaninternal.server.core.PersistRequestBean.executeNow(PersistRequestBean.java:485) ~[avaje-ebeanorm-server.jar:na]
	at com.avaje.ebeaninternal.server.core.PersistRequestBean.executeOrQueue(PersistRequestBean.java:511) ~[avaje-ebeanorm-server.jar:na]
	at com.avaje.ebeaninternal.server.persist.DefaultPersister.update(DefaultPersister.java:417) ~[avaje-ebeanorm-server.jar:na]
	at com.avaje.ebeaninternal.server.persist.DefaultPersister.forceUpdate(DefaultPersister.java:184) ~[avaje-ebeanorm-server.jar:na]
	at com.avaje.ebeaninternal.server.core.DefaultServer.update(DefaultServer.java:1651) ~[avaje-ebeanorm-server.jar:na]
	at com.avaje.ebeaninternal.server.core.DefaultServer.update(DefaultServer.java:1640) ~[avaje-ebeanorm-server.jar:na]
	at com.avaje.ebeaninternal.server.core.DefaultServer.update(DefaultServer.java:1617) ~[avaje-ebeanorm-server.jar:na]
	at com.avaje.ebean.Ebean.update(Ebean.java:548) ~[avaje-ebeanorm-api.jar:na]
	at play.db.ebean.Model.update(Model.java:133) ~[play-java-ebean_2.10.jar:2.1.0]
	at controllers.Assignments.updateActionItems(Assignments.java:214) ~[na:na]
	at Routes$$anonfun$routes$1$$anonfun$applyOrElse$44$$anonfun$apply$44.apply(routes_routing.scala:677) ~[na:na]
	at Routes$$anonfun$routes$1$$anonfun$applyOrElse$44$$anonfun$apply$44.apply(routes_routing.scala:677) ~[na:na]
	at play.core.Router$HandlerInvoker$$anon$6$$anon$2.invocation(Router.scala:141) ~[play_2.10.jar:2.1.0]
	at play.core.Router$Routes$$anon$1.invocation(Router.scala:322) ~[play_2.10.jar:2.1.0]
	at play.core.j.JavaAction$$anon$1.call(JavaAction.scala:31) ~[play_2.10.jar:2.1.0]
	at play.GlobalSettings$1.call(GlobalSettings.java:63) ~[play_2.10.jar:2.1.0]
	at play.mvc.Security$AuthenticatedAction.call(Security.java:39) ~[play_2.10.jar:2.1.0]
	at play.core.j.JavaAction$$anon$2.apply(JavaAction.scala:74) ~[play_2.10.jar:2.1.0]
	at play.core.j.JavaAction$$anon$2.apply(JavaAction.scala:73) ~[play_2.10.jar:2.1.0]
	at play.libs.F$Promise$PromiseActor.onReceive(F.java:420) ~[play_2.10.jar:2.1.0]
	at akka.actor.UntypedActor$$anonfun$receive$1.applyOrElse(UntypedActor.scala:159) ~[akka-actor_2.10.jar:na]
	at akka.actor.ActorCell.receiveMessage(ActorCell.scala:425) ~[akka-actor_2.10.jar:na]
	at akka.actor.ActorCell.invoke(ActorCell.scala:386) ~[akka-actor_2.10.jar:na]
	at akka.dispatch.Mailbox.processMailbox(Mailbox.scala:230) ~[akka-actor_2.10.jar:na]
	at akka.dispatch.Mailbox.run(Mailbox.scala:212) ~[akka-actor_2.10.jar:na]
	at akka.dispatch.ForkJoinExecutorConfigurator$MailboxExecutionTask.exec(AbstractDispatcher.scala:502) ~[akka-actor_2.10.jar:na]
	at scala.concurrent.forkjoin.ForkJoinTask.doExec(ForkJoinTask.java:262) ~[scala-library.jar:na]
	at scala.concurrent.forkjoin.ForkJoinPool$WorkQueue.runTask(ForkJoinPool.java:975) ~[scala-library.jar:na]
	at scala.concurrent.forkjoin.ForkJoinPool.runWorker(ForkJoinPool.java:1478) ~[scala-library.jar:na]
	at scala.concurrent.forkjoin.ForkJoinWorkerThread.run(ForkJoinWorkerThread.java:104) ~[scala-library.jar:na]

2013-05-06 12:22:26,595 - [ERROR] - from application in play-internal-execution-context-1 


! @6e7l3iem7 - Internal server error, for (POST) [/course/assignment/updateActionItems] ->

play.api.Application$$anon$1: Execution exception[[OptimisticLockException: Data has changed. updated [0] rows sql[update assignment set action_items=? where id=? and title=? and description=? and action_items=? and start_date=? and deadline=? and course_id=?] bind[null]]]
	at play.api.Application$class.handleError(Application.scala:289) ~[play_2.10.jar:2.1.0]
	at play.api.DefaultApplication.handleError(Application.scala:383) [play_2.10.jar:2.1.0]
	at play.core.server.netty.PlayDefaultUpstreamHandler$$anon$2$$anonfun$handle$1.apply(PlayDefaultUpstreamHandler.scala:132) [play_2.10.jar:2.1.0]
	at play.core.server.netty.PlayDefaultUpstreamHandler$$anon$2$$anonfun$handle$1.apply(PlayDefaultUpstreamHandler.scala:128) [play_2.10.jar:2.1.0]
	at play.api.libs.concurrent.PlayPromise$$anonfun$extend1$1.apply(Promise.scala:113) [play_2.10.jar:2.1.0]
	at play.api.libs.concurrent.PlayPromise$$anonfun$extend1$1.apply(Promise.scala:113) [play_2.10.jar:2.1.0]
	at play.api.libs.concurrent.PlayPromise$$anonfun$extend$1$$anonfun$apply$1.apply(Promise.scala:104) [play_2.10.jar:2.1.0]
	at scala.concurrent.impl.Future$PromiseCompletingRunnable.liftedTree1$1(Future.scala:24) [scala-library.jar:na]
	at scala.concurrent.impl.Future$PromiseCompletingRunnable.run(Future.scala:24) [scala-library.jar:na]
	at java.util.concurrent.ThreadPoolExecutor.runWorker(Unknown Source) [na:1.7.0_13]
	at java.util.concurrent.ThreadPoolExecutor$Worker.run(Unknown Source) [na:1.7.0_13]
	at java.lang.Thread.run(Unknown Source) [na:1.7.0_13]
javax.persistence.OptimisticLockException: Data has changed. updated [0] rows sql[update assignment set action_items=? where id=? and title=? and description=? and action_items=? and start_date=? and deadline=? and course_id=?] bind[null]
	at com.avaje.ebeaninternal.server.persist.dml.DmlHandler.checkRowCount(DmlHandler.java:103) ~[avaje-ebeanorm-server.jar:na]
	at com.avaje.ebeaninternal.server.persist.dml.UpdateHandler.execute(UpdateHandler.java:88) ~[avaje-ebeanorm-server.jar:na]
	at com.avaje.ebeaninternal.server.persist.dml.DmlBeanPersister.execute(DmlBeanPersister.java:86) ~[avaje-ebeanorm-server.jar:na]
	at com.avaje.ebeaninternal.server.persist.dml.DmlBeanPersister.update(DmlBeanPersister.java:66) ~[avaje-ebeanorm-server.jar:na]
	at com.avaje.ebeaninternal.server.persist.DefaultPersistExecute.executeUpdateBean(DefaultPersistExecute.java:91) ~[avaje-ebeanorm-server.jar:na]
	at com.avaje.ebeaninternal.server.core.PersistRequestBean.executeNow(PersistRequestBean.java:485) ~[avaje-ebeanorm-server.jar:na]
	at com.avaje.ebeaninternal.server.core.PersistRequestBean.executeOrQueue(PersistRequestBean.java:511) ~[avaje-ebeanorm-server.jar:na]
	at com.avaje.ebeaninternal.server.persist.DefaultPersister.update(DefaultPersister.java:417) ~[avaje-ebeanorm-server.jar:na]
	at com.avaje.ebeaninternal.server.persist.DefaultPersister.forceUpdate(DefaultPersister.java:184) ~[avaje-ebeanorm-server.jar:na]
	at com.avaje.ebeaninternal.server.core.DefaultServer.update(DefaultServer.java:1651) ~[avaje-ebeanorm-server.jar:na]
	at com.avaje.ebeaninternal.server.core.DefaultServer.update(DefaultServer.java:1640) ~[avaje-ebeanorm-server.jar:na]
	at com.avaje.ebeaninternal.server.core.DefaultServer.update(DefaultServer.java:1617) ~[avaje-ebeanorm-server.jar:na]
	at com.avaje.ebean.Ebean.update(Ebean.java:548) ~[avaje-ebeanorm-api.jar:na]
	at play.db.ebean.Model.update(Model.java:133) ~[play-java-ebean_2.10.jar:2.1.0]
	at controllers.Assignments.updateActionItems(Assignments.java:214) ~[na:na]
	at Routes$$anonfun$routes$1$$anonfun$applyOrElse$44$$anonfun$apply$44.apply(routes_routing.scala:677) ~[na:na]
	at Routes$$anonfun$routes$1$$anonfun$applyOrElse$44$$anonfun$apply$44.apply(routes_routing.scala:677) ~[na:na]
	at play.core.Router$HandlerInvoker$$anon$6$$anon$2.invocation(Router.scala:141) ~[play_2.10.jar:2.1.0]
	at play.core.Router$Routes$$anon$1.invocation(Router.scala:322) ~[play_2.10.jar:2.1.0]
	at play.core.j.JavaAction$$anon$1.call(JavaAction.scala:31) ~[play_2.10.jar:2.1.0]
	at play.GlobalSettings$1.call(GlobalSettings.java:63) ~[play_2.10.jar:2.1.0]
	at play.mvc.Security$AuthenticatedAction.call(Security.java:39) ~[play_2.10.jar:2.1.0]
	at play.core.j.JavaAction$$anon$2.apply(JavaAction.scala:74) ~[play_2.10.jar:2.1.0]
	at play.core.j.JavaAction$$anon$2.apply(JavaAction.scala:73) ~[play_2.10.jar:2.1.0]
	at play.libs.F$Promise$PromiseActor.onReceive(F.java:420) ~[play_2.10.jar:2.1.0]
	at akka.actor.UntypedActor$$anonfun$receive$1.applyOrElse(UntypedActor.scala:159) ~[akka-actor_2.10.jar:na]
	at akka.actor.ActorCell.receiveMessage(ActorCell.scala:425) ~[akka-actor_2.10.jar:na]
	at akka.actor.ActorCell.invoke(ActorCell.scala:386) ~[akka-actor_2.10.jar:na]
	at akka.dispatch.Mailbox.processMailbox(Mailbox.scala:230) ~[akka-actor_2.10.jar:na]
	at akka.dispatch.Mailbox.run(Mailbox.scala:212) ~[akka-actor_2.10.jar:na]
	at akka.dispatch.ForkJoinExecutorConfigurator$MailboxExecutionTask.exec(AbstractDispatcher.scala:502) ~[akka-actor_2.10.jar:na]
	at scala.concurrent.forkjoin.ForkJoinTask.doExec(ForkJoinTask.java:262) ~[scala-library.jar:na]
	at scala.concurrent.forkjoin.ForkJoinPool$WorkQueue.runTask(ForkJoinPool.java:975) ~[scala-library.jar:na]
	at scala.concurrent.forkjoin.ForkJoinPool.runWorker(ForkJoinPool.java:1478) ~[scala-library.jar:na]
	at scala.concurrent.forkjoin.ForkJoinWorkerThread.run(ForkJoinWorkerThread.java:104) ~[scala-library.jar:na]

2013-05-06 12:22:26,878 - [ERROR] - from application in play-internal-execution-context-1 


! @6e7l3if78 - Internal server error, for (POST) [/course/assignment/updateDescription] ->

play.api.Application$$anon$1: Execution exception[[OptimisticLockException: Data has changed. updated [0] rows sql[update assignment set description=? where id=? and title=? and description=? and action_items=? and start_date=? and deadline=? and course_id=?] bind[null]]]
	at play.api.Application$class.handleError(Application.scala:289) ~[play_2.10.jar:2.1.0]
	at play.api.DefaultApplication.handleError(Application.scala:383) [play_2.10.jar:2.1.0]
	at play.core.server.netty.PlayDefaultUpstreamHandler$$anon$2$$anonfun$handle$1.apply(PlayDefaultUpstreamHandler.scala:132) [play_2.10.jar:2.1.0]
	at play.core.server.netty.PlayDefaultUpstreamHandler$$anon$2$$anonfun$handle$1.apply(PlayDefaultUpstreamHandler.scala:128) [play_2.10.jar:2.1.0]
	at play.api.libs.concurrent.PlayPromise$$anonfun$extend1$1.apply(Promise.scala:113) [play_2.10.jar:2.1.0]
	at play.api.libs.concurrent.PlayPromise$$anonfun$extend1$1.apply(Promise.scala:113) [play_2.10.jar:2.1.0]
	at play.api.libs.concurrent.PlayPromise$$anonfun$extend$1$$anonfun$apply$1.apply(Promise.scala:104) [play_2.10.jar:2.1.0]
	at scala.concurrent.impl.Future$PromiseCompletingRunnable.liftedTree1$1(Future.scala:24) [scala-library.jar:na]
	at scala.concurrent.impl.Future$PromiseCompletingRunnable.run(Future.scala:24) [scala-library.jar:na]
	at java.util.concurrent.ThreadPoolExecutor.runWorker(Unknown Source) [na:1.7.0_13]
	at java.util.concurrent.ThreadPoolExecutor$Worker.run(Unknown Source) [na:1.7.0_13]
	at java.lang.Thread.run(Unknown Source) [na:1.7.0_13]
javax.persistence.OptimisticLockException: Data has changed. updated [0] rows sql[update assignment set description=? where id=? and title=? and description=? and action_items=? and start_date=? and deadline=? and course_id=?] bind[null]
	at com.avaje.ebeaninternal.server.persist.dml.DmlHandler.checkRowCount(DmlHandler.java:103) ~[avaje-ebeanorm-server.jar:na]
	at com.avaje.ebeaninternal.server.persist.dml.UpdateHandler.execute(UpdateHandler.java:88) ~[avaje-ebeanorm-server.jar:na]
	at com.avaje.ebeaninternal.server.persist.dml.DmlBeanPersister.execute(DmlBeanPersister.java:86) ~[avaje-ebeanorm-server.jar:na]
	at com.avaje.ebeaninternal.server.persist.dml.DmlBeanPersister.update(DmlBeanPersister.java:66) ~[avaje-ebeanorm-server.jar:na]
	at com.avaje.ebeaninternal.server.persist.DefaultPersistExecute.executeUpdateBean(DefaultPersistExecute.java:91) ~[avaje-ebeanorm-server.jar:na]
	at com.avaje.ebeaninternal.server.core.PersistRequestBean.executeNow(PersistRequestBean.java:485) ~[avaje-ebeanorm-server.jar:na]
	at com.avaje.ebeaninternal.server.core.PersistRequestBean.executeOrQueue(PersistRequestBean.java:511) ~[avaje-ebeanorm-server.jar:na]
	at com.avaje.ebeaninternal.server.persist.DefaultPersister.update(DefaultPersister.java:417) ~[avaje-ebeanorm-server.jar:na]
	at com.avaje.ebeaninternal.server.persist.DefaultPersister.forceUpdate(DefaultPersister.java:184) ~[avaje-ebeanorm-server.jar:na]
	at com.avaje.ebeaninternal.server.core.DefaultServer.update(DefaultServer.java:1651) ~[avaje-ebeanorm-server.jar:na]
	at com.avaje.ebeaninternal.server.core.DefaultServer.update(DefaultServer.java:1640) ~[avaje-ebeanorm-server.jar:na]
	at com.avaje.ebeaninternal.server.core.DefaultServer.update(DefaultServer.java:1617) ~[avaje-ebeanorm-server.jar:na]
	at com.avaje.ebean.Ebean.update(Ebean.java:548) ~[avaje-ebeanorm-api.jar:na]
	at play.db.ebean.Model.update(Model.java:133) ~[play-java-ebean_2.10.jar:2.1.0]
	at controllers.Assignments.updateDescription(Assignments.java:204) ~[na:na]
	at Routes$$anonfun$routes$1$$anonfun$applyOrElse$43$$anonfun$apply$43.apply(routes_routing.scala:669) ~[na:na]
	at Routes$$anonfun$routes$1$$anonfun$applyOrElse$43$$anonfun$apply$43.apply(routes_routing.scala:669) ~[na:na]
	at play.core.Router$HandlerInvoker$$anon$6$$anon$2.invocation(Router.scala:141) ~[play_2.10.jar:2.1.0]
	at play.core.Router$Routes$$anon$1.invocation(Router.scala:322) ~[play_2.10.jar:2.1.0]
	at play.core.j.JavaAction$$anon$1.call(JavaAction.scala:31) ~[play_2.10.jar:2.1.0]
	at play.GlobalSettings$1.call(GlobalSettings.java:63) ~[play_2.10.jar:2.1.0]
	at play.mvc.Security$AuthenticatedAction.call(Security.java:39) ~[play_2.10.jar:2.1.0]
	at play.core.j.JavaAction$$anon$2.apply(JavaAction.scala:74) ~[play_2.10.jar:2.1.0]
	at play.core.j.JavaAction$$anon$2.apply(JavaAction.scala:73) ~[play_2.10.jar:2.1.0]
	at play.libs.F$Promise$PromiseActor.onReceive(F.java:420) ~[play_2.10.jar:2.1.0]
	at akka.actor.UntypedActor$$anonfun$receive$1.applyOrElse(UntypedActor.scala:159) ~[akka-actor_2.10.jar:na]
	at akka.actor.ActorCell.receiveMessage(ActorCell.scala:425) ~[akka-actor_2.10.jar:na]
	at akka.actor.ActorCell.invoke(ActorCell.scala:386) ~[akka-actor_2.10.jar:na]
	at akka.dispatch.Mailbox.processMailbox(Mailbox.scala:230) ~[akka-actor_2.10.jar:na]
	at akka.dispatch.Mailbox.run(Mailbox.scala:212) ~[akka-actor_2.10.jar:na]
	at akka.dispatch.ForkJoinExecutorConfigurator$MailboxExecutionTask.exec(AbstractDispatcher.scala:502) ~[akka-actor_2.10.jar:na]
	at scala.concurrent.forkjoin.ForkJoinTask.doExec(ForkJoinTask.java:262) ~[scala-library.jar:na]
	at scala.concurrent.forkjoin.ForkJoinPool$WorkQueue.runTask(ForkJoinPool.java:975) ~[scala-library.jar:na]
	at scala.concurrent.forkjoin.ForkJoinPool.runWorker(ForkJoinPool.java:1478) ~[scala-library.jar:na]
	at scala.concurrent.forkjoin.ForkJoinWorkerThread.run(ForkJoinWorkerThread.java:104) ~[scala-library.jar:na]

2013-05-06 12:22:26,878 - [ERROR] - from application in play-internal-execution-context-2 


! @6e7l3if7a - Internal server error, for (POST) [/course/assignment/updateDescription] ->

play.api.Application$$anon$1: Execution exception[[OptimisticLockException: Data has changed. updated [0] rows sql[update assignment set description=? where id=? and title=? and description=? and action_items=? and start_date=? and deadline=? and course_id=?] bind[null]]]
	at play.api.Application$class.handleError(Application.scala:289) ~[play_2.10.jar:2.1.0]
	at play.api.DefaultApplication.handleError(Application.scala:383) [play_2.10.jar:2.1.0]
	at play.core.server.netty.PlayDefaultUpstreamHandler$$anon$2$$anonfun$handle$1.apply(PlayDefaultUpstreamHandler.scala:132) [play_2.10.jar:2.1.0]
	at play.core.server.netty.PlayDefaultUpstreamHandler$$anon$2$$anonfun$handle$1.apply(PlayDefaultUpstreamHandler.scala:128) [play_2.10.jar:2.1.0]
	at play.api.libs.concurrent.PlayPromise$$anonfun$extend1$1.apply(Promise.scala:113) [play_2.10.jar:2.1.0]
	at play.api.libs.concurrent.PlayPromise$$anonfun$extend1$1.apply(Promise.scala:113) [play_2.10.jar:2.1.0]
	at play.api.libs.concurrent.PlayPromise$$anonfun$extend$1$$anonfun$apply$1.apply(Promise.scala:104) [play_2.10.jar:2.1.0]
	at scala.concurrent.impl.Future$PromiseCompletingRunnable.liftedTree1$1(Future.scala:24) [scala-library.jar:na]
	at scala.concurrent.impl.Future$PromiseCompletingRunnable.run(Future.scala:24) [scala-library.jar:na]
	at java.util.concurrent.ThreadPoolExecutor.runWorker(Unknown Source) [na:1.7.0_13]
	at java.util.concurrent.ThreadPoolExecutor$Worker.run(Unknown Source) [na:1.7.0_13]
	at java.lang.Thread.run(Unknown Source) [na:1.7.0_13]
javax.persistence.OptimisticLockException: Data has changed. updated [0] rows sql[update assignment set description=? where id=? and title=? and description=? and action_items=? and start_date=? and deadline=? and course_id=?] bind[null]
	at com.avaje.ebeaninternal.server.persist.dml.DmlHandler.checkRowCount(DmlHandler.java:103) ~[avaje-ebeanorm-server.jar:na]
	at com.avaje.ebeaninternal.server.persist.dml.UpdateHandler.execute(UpdateHandler.java:88) ~[avaje-ebeanorm-server.jar:na]
	at com.avaje.ebeaninternal.server.persist.dml.DmlBeanPersister.execute(DmlBeanPersister.java:86) ~[avaje-ebeanorm-server.jar:na]
	at com.avaje.ebeaninternal.server.persist.dml.DmlBeanPersister.update(DmlBeanPersister.java:66) ~[avaje-ebeanorm-server.jar:na]
	at com.avaje.ebeaninternal.server.persist.DefaultPersistExecute.executeUpdateBean(DefaultPersistExecute.java:91) ~[avaje-ebeanorm-server.jar:na]
	at com.avaje.ebeaninternal.server.core.PersistRequestBean.executeNow(PersistRequestBean.java:485) ~[avaje-ebeanorm-server.jar:na]
	at com.avaje.ebeaninternal.server.core.PersistRequestBean.executeOrQueue(PersistRequestBean.java:511) ~[avaje-ebeanorm-server.jar:na]
	at com.avaje.ebeaninternal.server.persist.DefaultPersister.update(DefaultPersister.java:417) ~[avaje-ebeanorm-server.jar:na]
	at com.avaje.ebeaninternal.server.persist.DefaultPersister.forceUpdate(DefaultPersister.java:184) ~[avaje-ebeanorm-server.jar:na]
	at com.avaje.ebeaninternal.server.core.DefaultServer.update(DefaultServer.java:1651) ~[avaje-ebeanorm-server.jar:na]
	at com.avaje.ebeaninternal.server.core.DefaultServer.update(DefaultServer.java:1640) ~[avaje-ebeanorm-server.jar:na]
	at com.avaje.ebeaninternal.server.core.DefaultServer.update(DefaultServer.java:1617) ~[avaje-ebeanorm-server.jar:na]
	at com.avaje.ebean.Ebean.update(Ebean.java:548) ~[avaje-ebeanorm-api.jar:na]
	at play.db.ebean.Model.update(Model.java:133) ~[play-java-ebean_2.10.jar:2.1.0]
	at controllers.Assignments.updateDescription(Assignments.java:204) ~[na:na]
	at Routes$$anonfun$routes$1$$anonfun$applyOrElse$43$$anonfun$apply$43.apply(routes_routing.scala:669) ~[na:na]
	at Routes$$anonfun$routes$1$$anonfun$applyOrElse$43$$anonfun$apply$43.apply(routes_routing.scala:669) ~[na:na]
	at play.core.Router$HandlerInvoker$$anon$6$$anon$2.invocation(Router.scala:141) ~[play_2.10.jar:2.1.0]
	at play.core.Router$Routes$$anon$1.invocation(Router.scala:322) ~[play_2.10.jar:2.1.0]
	at play.core.j.JavaAction$$anon$1.call(JavaAction.scala:31) ~[play_2.10.jar:2.1.0]
	at play.GlobalSettings$1.call(GlobalSettings.java:63) ~[play_2.10.jar:2.1.0]
	at play.mvc.Security$AuthenticatedAction.call(Security.java:39) ~[play_2.10.jar:2.1.0]
	at play.core.j.JavaAction$$anon$2.apply(JavaAction.scala:74) ~[play_2.10.jar:2.1.0]
	at play.core.j.JavaAction$$anon$2.apply(JavaAction.scala:73) ~[play_2.10.jar:2.1.0]
	at play.libs.F$Promise$PromiseActor.onReceive(F.java:420) ~[play_2.10.jar:2.1.0]
	at akka.actor.UntypedActor$$anonfun$receive$1.applyOrElse(UntypedActor.scala:159) ~[akka-actor_2.10.jar:na]
	at akka.actor.ActorCell.receiveMessage(ActorCell.scala:425) ~[akka-actor_2.10.jar:na]
	at akka.actor.ActorCell.invoke(ActorCell.scala:386) ~[akka-actor_2.10.jar:na]
	at akka.dispatch.Mailbox.processMailbox(Mailbox.scala:230) ~[akka-actor_2.10.jar:na]
	at akka.dispatch.Mailbox.run(Mailbox.scala:212) ~[akka-actor_2.10.jar:na]
	at akka.dispatch.ForkJoinExecutorConfigurator$MailboxExecutionTask.exec(AbstractDispatcher.scala:502) ~[akka-actor_2.10.jar:na]
	at scala.concurrent.forkjoin.ForkJoinTask.doExec(ForkJoinTask.java:262) ~[scala-library.jar:na]
	at scala.concurrent.forkjoin.ForkJoinPool$WorkQueue.runTask(ForkJoinPool.java:975) ~[scala-library.jar:na]
	at scala.concurrent.forkjoin.ForkJoinPool.runWorker(ForkJoinPool.java:1478) ~[scala-library.jar:na]
	at scala.concurrent.forkjoin.ForkJoinWorkerThread.run(ForkJoinWorkerThread.java:104) ~[scala-library.jar:na]

